<?xml version="1.0" encoding="UTF-8"?>
<!-- Generated by org.testng.reporters.JUnitReportReporter -->
<testsuite skipped="0" hostname="MC01LAP0220" name="PostReq.OnO" tests="1" failures="0" timestamp="18 Jul 2019 10:41:23 GMT" time="8.174" errors="0">
  <testcase name="bearer" time="8.174" classname="PostReq.OnO"/>
</testsuite> <!-- PostReq.OnO -->
