<?xml version="1.0" encoding="UTF-8"?>
<!-- Generated by org.testng.reporters.JUnitReportReporter -->
<testsuite skipped="0" hostname="Apples-MacBook-Pro.local" name="GetReq.Req1" tests="1" failures="0" timestamp="07 Jul 2019 17:59:45 GMT" time="1.565" errors="0">
  <testcase name="getweatherdetails" time="1.565" classname="GetReq.Req1"/>
</testsuite> <!-- GetReq.Req1 -->
