<?xml version="1.0" encoding="UTF-8"?>
<!-- Generated by org.testng.reporters.JUnitReportReporter -->
<testsuite skipped="0" hostname="MC01LAP0220" name="DataDrivenTest.UsingExcel" tests="6" failures="0" timestamp="13 Jul 2019 09:56:28 GMT" time="8.746" errors="0">
  <testcase name="Datapro" time="0.614" classname="DataDrivenTest.UsingExcel"/>
  <testcase name="Datapro" time="0.714" classname="DataDrivenTest.UsingExcel"/>
  <testcase name="Datapro" time="0.608" classname="DataDrivenTest.UsingExcel"/>
  <testcase name="Datapro" time="0.813" classname="DataDrivenTest.UsingExcel"/>
  <testcase name="Datapro" time="5.285" classname="DataDrivenTest.UsingExcel"/>
  <testcase name="Datapro" time="0.712" classname="DataDrivenTest.UsingExcel"/>
</testsuite> <!-- DataDrivenTest.UsingExcel -->
