<?xml version="1.0" encoding="UTF-8"?>
<!-- Generated by org.testng.reporters.JUnitReportReporter -->
<testsuite skipped="0" hostname="MC01LAP0220" name="PostReq.OnO" tests="1" failures="0" timestamp="11 Jul 2019 14:58:48 GMT" time="7.044" errors="0">
  <testcase name="bearer" time="7.044" classname="PostReq.OnO"/>
</testsuite> <!-- PostReq.OnO -->
