<?xml version="1.0" encoding="UTF-8"?>
<!-- Generated by org.testng.reporters.JUnitReportReporter -->
<testsuite skipped="0" hostname="MC01LAP0220" name="DataDrivenTest.AddNewEmp" tests="1" failures="0" timestamp="13 Jul 2019 09:05:15 GMT" time="8.031" errors="0">
  <testcase name="addNewEmp" time="8.031" classname="DataDrivenTest.AddNewEmp"/>
</testsuite> <!-- DataDrivenTest.AddNewEmp -->
