<?xml version="1.0" encoding="UTF-8"?>
<!-- Generated by org.testng.reporters.JUnitReportReporter -->
<testsuite skipped="0" hostname="MC01LAP0220" name="GetReq.Req1" tests="1" failures="0" timestamp="11 Jul 2019 06:48:14 GMT" time="9.583" errors="0">
  <testcase name="getweatherdetails" time="9.583" classname="GetReq.Req1"/>
</testsuite> <!-- GetReq.Req1 -->
