<?xml version="1.0" encoding="UTF-8"?>
<!-- Generated by org.testng.reporters.JUnitReportReporter -->
<testsuite skipped="0" hostname="MC01LAP0220" name="DataDrivenTest.UsingString" tests="3" failures="0" timestamp="13 Jul 2019 09:23:45 GMT" time="5.725" errors="0">
  <testcase name="Datapro" time="0.786" classname="DataDrivenTest.UsingString"/>
  <testcase name="Datapro" time="4.356" classname="DataDrivenTest.UsingString"/>
  <testcase name="Datapro" time="0.583" classname="DataDrivenTest.UsingString"/>
</testsuite> <!-- DataDrivenTest.UsingString -->
