<?xml version="1.0" encoding="UTF-8"?>
<!-- Generated by org.testng.reporters.JUnitReportReporter -->
<testsuite skipped="0" hostname="Apples-MacBook-Pro.local" name="GetReq.Req1" tests="1" failures="0" timestamp="10 Jul 2019 18:17:29 GMT" time="2.032" errors="0">
  <testcase name="getweatherdetails" time="2.032" classname="GetReq.Req1"/>
</testsuite> <!-- GetReq.Req1 -->
