<?xml version="1.0" encoding="UTF-8"?>
<!-- Generated by org.testng.reporters.JUnitReportReporter -->
<testsuite skipped="0" hostname="Apples-MacBook-Pro.local" name="PostReq.Post1" tests="1" failures="0" timestamp="07 Jul 2019 18:20:24 GMT" time="1.821" errors="0">
  <testcase name="post" time="1.821" classname="PostReq.Post1"/>
</testsuite> <!-- PostReq.Post1 -->
